2024-06-10 19:09:39 INFO  Log:11 - =====================================endToEndCheckoutFlowTest TEST START=========================================
2024-06-10 19:09:41 INFO  Log:22 - Validating user has landed to Login page
2024-06-10 19:11:00 INFO  Log:11 - =====================================endToEndCheckoutFlowTest TEST START=========================================
2024-06-10 19:11:02 INFO  Log:22 - Validating user has landed to Login page
2024-06-10 19:15:35 INFO  Log:11 - =====================================endToEndCheckoutFlowTest TEST START=========================================
2024-06-10 19:15:35 INFO  Log:22 - Validating user has landed to Login page
2024-06-10 19:15:35 INFO  Log:22 - Entering the login credentials
2024-06-10 19:17:09 INFO  Log:11 - =====================================endToEndCheckoutFlowTest TEST START=========================================
2024-06-10 19:17:09 INFO  Log:22 - Validating user has landed to Login page
2024-06-10 19:17:09 INFO  Log:22 - Entering the login credentials
2024-06-10 19:18:27 INFO  Log:11 - =====================================endToEndCheckoutFlowTest TEST START=========================================
2024-06-10 19:18:27 INFO  Log:22 - Validating user has landed to Login page
2024-06-10 19:18:27 INFO  Log:22 - Entering the login credentials
2024-06-10 19:18:28 INFO  Log:22 - Validating user has landed to product list page
2024-06-10 19:18:28 INFO  Log:22 - Adding Items in cart
2024-06-10 19:18:28 INFO  Log:22 - Verifying the number of items in cart
2024-06-10 19:18:29 INFO  Log:22 - Validating user has landed to Your cart page
2024-06-10 19:18:29 INFO  Log:22 - Verifying the item details
2024-06-10 19:21:09 INFO  Log:11 - =====================================endToEndCheckoutFlowTest TEST START=========================================
2024-06-10 19:21:09 INFO  Log:22 - Validating user has landed to Login page
2024-06-10 19:21:09 INFO  Log:22 - Entering the login credentials
2024-06-10 19:21:09 INFO  Log:22 - Validating user has landed to product list page
2024-06-10 19:21:09 INFO  Log:22 - Adding Items in cart
2024-06-10 19:21:10 INFO  Log:22 - Verifying the number of items in cart
2024-06-10 19:21:10 INFO  Log:22 - Validating user has landed to Your cart page
2024-06-10 19:21:10 INFO  Log:22 - Verifying the item details
2024-06-10 19:21:10 INFO  Log:22 - Validating user has landed to Your info page
2024-06-10 19:21:10 INFO  Log:22 - Entering the details
2024-06-10 19:21:11 INFO  Log:22 - Validating user has landed to Overview page
2024-06-10 19:21:11 INFO  Log:22 - Verifying the item details and other labels in Overview page
2024-06-10 19:22:07 INFO  Log:11 - =====================================endToEndCheckoutFlowTest TEST START=========================================
2024-06-10 19:22:07 INFO  Log:22 - Validating user has landed to Login page
2024-06-10 19:22:07 INFO  Log:22 - Entering the login credentials
2024-06-10 19:22:07 INFO  Log:22 - Validating user has landed to product list page
2024-06-10 19:22:07 INFO  Log:22 - Adding Items in cart
2024-06-10 19:22:08 INFO  Log:22 - Verifying the number of items in cart
2024-06-10 19:22:08 INFO  Log:22 - Validating user has landed to Your cart page
2024-06-10 19:22:08 INFO  Log:22 - Verifying the item details
2024-06-10 19:22:08 INFO  Log:22 - Validating user has landed to Your info page
2024-06-10 19:22:08 INFO  Log:22 - Entering the details
2024-06-10 19:22:09 INFO  Log:22 - Validating user has landed to Overview page
2024-06-10 19:22:09 INFO  Log:22 - Verifying the item details and other labels in Overview page
2024-06-10 19:22:46 INFO  Log:11 - =====================================endToEndCheckoutFlowTest TEST START=========================================
2024-06-10 19:22:46 INFO  Log:22 - Validating user has landed to Login page
2024-06-10 19:22:46 INFO  Log:22 - Entering the login credentials
2024-06-10 19:22:47 INFO  Log:22 - Validating user has landed to product list page
2024-06-10 19:22:47 INFO  Log:22 - Adding Items in cart
2024-06-10 19:22:47 INFO  Log:22 - Verifying the number of items in cart
2024-06-10 19:22:47 INFO  Log:22 - Validating user has landed to Your cart page
2024-06-10 19:22:47 INFO  Log:22 - Verifying the item details
2024-06-10 19:22:48 INFO  Log:22 - Validating user has landed to Your info page
2024-06-10 19:22:48 INFO  Log:22 - Entering the details
2024-06-10 19:22:49 INFO  Log:22 - Validating user has landed to Overview page
2024-06-10 19:22:49 INFO  Log:22 - Verifying the item details and other labels in Overview page
2024-06-10 19:22:49 INFO  Log:22 - Validating user has completed the checkout
2024-06-10 19:24:04 INFO  Log:11 - =====================================endToEndCheckoutFlowTest TEST START=========================================
2024-06-10 19:24:04 INFO  Log:22 - Validating user has landed to Login page
2024-06-10 19:24:04 INFO  Log:22 - Entering the login credentials
2024-06-10 19:24:05 INFO  Log:22 - Validating user has landed to product list page
2024-06-10 19:24:05 INFO  Log:22 - Adding Items in cart
2024-06-10 19:24:05 INFO  Log:22 - Verifying the number of items in cart
2024-06-10 19:24:05 INFO  Log:22 - Validating user has landed to Your cart page
2024-06-10 19:24:05 INFO  Log:22 - Verifying the item details
2024-06-10 19:24:05 INFO  Log:22 - Validating user has landed to Your info page
2024-06-10 19:24:05 INFO  Log:22 - Entering the details
2024-06-10 19:24:06 INFO  Log:22 - Validating user has landed to Overview page
2024-06-10 19:24:06 INFO  Log:22 - Verifying the item details and other labels in Overview page
2024-06-10 19:24:07 INFO  Log:22 - Validating user has completed the checkout
2024-06-10 19:24:07 INFO  Log:15 - =====================================endToEndTest TEST END=========================================
2024-06-10 19:25:33 INFO  Log:11 - =====================================endToEndCheckoutFlowTest TEST START=========================================
2024-06-10 19:25:33 INFO  Log:22 - Validating user has landed to Login page
2024-06-10 19:25:33 INFO  Log:22 - Entering the login credentials
2024-06-10 19:25:34 INFO  Log:22 - Validating user has landed to product list page
2024-06-10 19:25:34 INFO  Log:22 - Adding Items in cart
2024-06-10 19:25:34 INFO  Log:22 - Verifying the number of items in cart
2024-06-10 19:25:35 INFO  Log:22 - Validating user has landed to Your cart page
2024-06-10 19:25:35 INFO  Log:22 - Verifying the item details
2024-06-10 19:25:35 INFO  Log:22 - Validating user has landed to Your info page
2024-06-10 19:25:35 INFO  Log:22 - Entering the details
2024-06-10 19:25:36 INFO  Log:22 - Validating user has landed to Overview page
2024-06-10 19:25:36 INFO  Log:22 - Verifying the item details and other labels in Overview page
2024-06-10 19:25:36 INFO  Log:22 - Validating user has completed the checkout
2024-06-10 19:25:36 INFO  Log:15 - =====================================endToEndTest TEST END=========================================
2024-06-10 19:39:57 INFO  Log:11 - =====================================endToEndCheckoutFlowTest TEST START=========================================
2024-06-10 19:39:57 INFO  Log:22 - Validating user has landed to Login page
2024-06-10 19:39:57 INFO  Log:22 - Entering the login credentials
2024-06-10 19:39:58 INFO  Log:22 - Validating user has landed to product list page
2024-06-10 19:39:58 INFO  Log:22 - Adding Items in cart
2024-06-10 19:39:58 INFO  Log:22 - Verifying the number of items in cart
2024-06-10 19:39:58 INFO  Log:22 - Validating user has landed to Your cart page
2024-06-10 19:39:58 INFO  Log:22 - Verifying the item details
2024-06-10 19:39:58 INFO  Log:22 - Validating user has landed to Your info page
2024-06-10 19:39:58 INFO  Log:22 - Entering the details
2024-06-10 19:39:59 INFO  Log:22 - Validating user has landed to Overview page
2024-06-10 19:39:59 INFO  Log:22 - Verifying the item details and other labels in Overview page
2024-06-10 19:40:00 INFO  Log:22 - Validating user has completed the checkout
2024-06-10 19:40:00 INFO  Log:15 - =====================================endToEndTest TEST END=========================================
2024-06-10 19:40:01 DEBUG cache:45 - Couldn't find template in cache for "v3html/v3-html-index.ftl"("en", UTF-8, parsed); will try to load it.
2024-06-10 19:40:01 DEBUG cache:45 - TemplateLoader.findTemplateSource("v3html/v3-html-index_en.ftl"): Not found
2024-06-10 19:40:01 DEBUG cache:45 - TemplateLoader.findTemplateSource("v3html/v3-html-index.ftl"): Found
2024-06-10 19:40:01 DEBUG cache:45 - Loading template for "v3html/v3-html-index.ftl"("en", UTF-8, parsed) from "jar:file:/Users/priyalag/.m2/repository/com/aventstack/extentreports/4.0.9/extentreports-4.0.9.jar!/com/aventstack/extentreports/view/v3html/v3-html-index.ftl"
2024-06-10 19:40:01 DEBUG cache:45 - Couldn't find template in cache for "v3html/v3-html-head.ftl"("en", UTF-8, parsed); will try to load it.
2024-06-10 19:40:01 DEBUG cache:45 - TemplateLoader.findTemplateSource("v3html/v3-html-head_en.ftl"): Not found
2024-06-10 19:40:01 DEBUG cache:45 - TemplateLoader.findTemplateSource("v3html/v3-html-head.ftl"): Found
2024-06-10 19:40:01 DEBUG cache:45 - Loading template for "v3html/v3-html-head.ftl"("en", UTF-8, parsed) from "jar:file:/Users/priyalag/.m2/repository/com/aventstack/extentreports/4.0.9/extentreports-4.0.9.jar!/com/aventstack/extentreports/view/v3html/v3-html-head.ftl"
2024-06-10 19:40:01 DEBUG cache:45 - Couldn't find template in cache for "v3html/v3-html-nav.ftl"("en", UTF-8, parsed); will try to load it.
2024-06-10 19:40:01 DEBUG cache:45 - TemplateLoader.findTemplateSource("v3html/v3-html-nav_en.ftl"): Not found
2024-06-10 19:40:01 DEBUG cache:45 - TemplateLoader.findTemplateSource("v3html/v3-html-nav.ftl"): Found
2024-06-10 19:40:01 DEBUG cache:45 - Loading template for "v3html/v3-html-nav.ftl"("en", UTF-8, parsed) from "jar:file:/Users/priyalag/.m2/repository/com/aventstack/extentreports/4.0.9/extentreports-4.0.9.jar!/com/aventstack/extentreports/view/v3html/v3-html-nav.ftl"
2024-06-10 19:40:01 DEBUG cache:45 - Couldn't find template in cache for "v3html/test-view/v3-html-test-view.ftl"("en", UTF-8, parsed); will try to load it.
2024-06-10 19:40:01 DEBUG cache:45 - TemplateLoader.findTemplateSource("v3html/test-view/v3-html-test-view_en.ftl"): Not found
2024-06-10 19:40:01 DEBUG cache:45 - TemplateLoader.findTemplateSource("v3html/test-view/v3-html-test-view.ftl"): Found
2024-06-10 19:40:01 DEBUG cache:45 - Loading template for "v3html/test-view/v3-html-test-view.ftl"("en", UTF-8, parsed) from "jar:file:/Users/priyalag/.m2/repository/com/aventstack/extentreports/4.0.9/extentreports-4.0.9.jar!/com/aventstack/extentreports/view/v3html/test-view/v3-html-test-view.ftl"
2024-06-10 19:40:01 DEBUG cache:45 - Couldn't find template in cache for "v3html/test-view/v3-html-test-view-charts.ftl"("en", UTF-8, parsed); will try to load it.
2024-06-10 19:40:01 DEBUG cache:45 - TemplateLoader.findTemplateSource("v3html/test-view/v3-html-test-view-charts_en.ftl"): Not found
2024-06-10 19:40:01 DEBUG cache:45 - TemplateLoader.findTemplateSource("v3html/test-view/v3-html-test-view-charts.ftl"): Found
2024-06-10 19:40:01 DEBUG cache:45 - Loading template for "v3html/test-view/v3-html-test-view-charts.ftl"("en", UTF-8, parsed) from "jar:file:/Users/priyalag/.m2/repository/com/aventstack/extentreports/4.0.9/extentreports-4.0.9.jar!/com/aventstack/extentreports/view/v3html/test-view/v3-html-test-view-charts.ftl"
2024-06-10 19:40:01 DEBUG cache:45 - Couldn't find template in cache for "v3html/test-view/v3-html-standard.ftl"("en", UTF-8, parsed); will try to load it.
2024-06-10 19:40:01 DEBUG cache:45 - TemplateLoader.findTemplateSource("v3html/test-view/v3-html-standard_en.ftl"): Not found
2024-06-10 19:40:01 DEBUG cache:45 - TemplateLoader.findTemplateSource("v3html/test-view/v3-html-standard.ftl"): Found
2024-06-10 19:40:01 DEBUG cache:45 - Loading template for "v3html/test-view/v3-html-standard.ftl"("en", UTF-8, parsed) from "jar:file:/Users/priyalag/.m2/repository/com/aventstack/extentreports/4.0.9/extentreports-4.0.9.jar!/com/aventstack/extentreports/view/v3html/test-view/v3-html-standard.ftl"
2024-06-10 19:40:01 DEBUG cache:45 - Couldn't find template in cache for "v3html/category-view/v3-html-category-view.ftl"("en", UTF-8, parsed); will try to load it.
2024-06-10 19:40:01 DEBUG cache:45 - TemplateLoader.findTemplateSource("v3html/category-view/v3-html-category-view_en.ftl"): Not found
2024-06-10 19:40:01 DEBUG cache:45 - TemplateLoader.findTemplateSource("v3html/category-view/v3-html-category-view.ftl"): Found
2024-06-10 19:40:01 DEBUG cache:45 - Loading template for "v3html/category-view/v3-html-category-view.ftl"("en", UTF-8, parsed) from "jar:file:/Users/priyalag/.m2/repository/com/aventstack/extentreports/4.0.9/extentreports-4.0.9.jar!/com/aventstack/extentreports/view/v3html/category-view/v3-html-category-view.ftl"
2024-06-10 19:40:01 DEBUG cache:45 - Couldn't find template in cache for "v3html/exception-view/v3-html-exception-view.ftl"("en", UTF-8, parsed); will try to load it.
2024-06-10 19:40:01 DEBUG cache:45 - TemplateLoader.findTemplateSource("v3html/exception-view/v3-html-exception-view_en.ftl"): Not found
2024-06-10 19:40:01 DEBUG cache:45 - TemplateLoader.findTemplateSource("v3html/exception-view/v3-html-exception-view.ftl"): Found
2024-06-10 19:40:01 DEBUG cache:45 - Loading template for "v3html/exception-view/v3-html-exception-view.ftl"("en", UTF-8, parsed) from "jar:file:/Users/priyalag/.m2/repository/com/aventstack/extentreports/4.0.9/extentreports-4.0.9.jar!/com/aventstack/extentreports/view/v3html/exception-view/v3-html-exception-view.ftl"
2024-06-10 19:40:01 DEBUG cache:45 - Couldn't find template in cache for "v3html/author-view/v3-html-author-view.ftl"("en", UTF-8, parsed); will try to load it.
2024-06-10 19:40:01 DEBUG cache:45 - TemplateLoader.findTemplateSource("v3html/author-view/v3-html-author-view_en.ftl"): Not found
2024-06-10 19:40:01 DEBUG cache:45 - TemplateLoader.findTemplateSource("v3html/author-view/v3-html-author-view.ftl"): Found
2024-06-10 19:40:01 DEBUG cache:45 - Loading template for "v3html/author-view/v3-html-author-view.ftl"("en", UTF-8, parsed) from "jar:file:/Users/priyalag/.m2/repository/com/aventstack/extentreports/4.0.9/extentreports-4.0.9.jar!/com/aventstack/extentreports/view/v3html/author-view/v3-html-author-view.ftl"
2024-06-10 19:40:01 DEBUG cache:45 - Couldn't find template in cache for "v3html/dashboard-view/v3-html-dashboard-view.ftl"("en", UTF-8, parsed); will try to load it.
2024-06-10 19:40:01 DEBUG cache:45 - TemplateLoader.findTemplateSource("v3html/dashboard-view/v3-html-dashboard-view_en.ftl"): Not found
2024-06-10 19:40:01 DEBUG cache:45 - TemplateLoader.findTemplateSource("v3html/dashboard-view/v3-html-dashboard-view.ftl"): Found
2024-06-10 19:40:01 DEBUG cache:45 - Loading template for "v3html/dashboard-view/v3-html-dashboard-view.ftl"("en", UTF-8, parsed) from "jar:file:/Users/priyalag/.m2/repository/com/aventstack/extentreports/4.0.9/extentreports-4.0.9.jar!/com/aventstack/extentreports/view/v3html/dashboard-view/v3-html-dashboard-view.ftl"
2024-06-10 19:40:01 DEBUG cache:45 - Couldn't find template in cache for "v3html/logs-view/v3-html-testrunner-logs-view.ftl"("en", UTF-8, parsed); will try to load it.
2024-06-10 19:40:01 DEBUG cache:45 - TemplateLoader.findTemplateSource("v3html/logs-view/v3-html-testrunner-logs-view_en.ftl"): Not found
2024-06-10 19:40:01 DEBUG cache:45 - TemplateLoader.findTemplateSource("v3html/logs-view/v3-html-testrunner-logs-view.ftl"): Found
2024-06-10 19:40:01 DEBUG cache:45 - Loading template for "v3html/logs-view/v3-html-testrunner-logs-view.ftl"("en", UTF-8, parsed) from "jar:file:/Users/priyalag/.m2/repository/com/aventstack/extentreports/4.0.9/extentreports-4.0.9.jar!/com/aventstack/extentreports/view/v3html/logs-view/v3-html-testrunner-logs-view.ftl"
